c:\projects\graphics-programming\lab1\debug\vc143.pdb
c:\projects\graphics-programming\lab1\debug\vc143.idb
c:\projects\graphics-programming\lab1\debug\texturing.obj
c:\projects\graphics-programming\lab1\debug\shading.obj
c:\projects\graphics-programming\lab1\debug\screendisplay.obj
c:\projects\graphics-programming\lab1\debug\obj_loader.obj
c:\projects\graphics-programming\lab1\debug\mesh.obj
c:\projects\graphics-programming\lab1\debug\main.obj
c:\projects\graphics-programming\lab1\debug\game.obj
c:\projects\graphics-programming\lab1\debug\audio.obj
c:\projects\graphics-programming\lab1\debug\stb_image.obj
c:\projects\gp3-cwknew\lab1\debug\vc143.pdb
c:\projects\gp3-cwknew\lab1\debug\vc143.idb
c:\projects\gp3-cwknew\lab1\debug\texturing.obj
c:\projects\gp3-cwknew\lab1\debug\shading.obj
c:\projects\gp3-cwknew\lab1\debug\screendisplay.obj
c:\projects\gp3-cwknew\lab1\debug\obj_loader.obj
c:\projects\gp3-cwknew\lab1\debug\mesh.obj
c:\projects\gp3-cwknew\lab1\debug\main.obj
c:\projects\gp3-cwknew\lab1\debug\game.obj
c:\projects\gp3-cwknew\lab1\debug\audio.obj
c:\projects\gp3-cwknew\lab1\debug\stb_image.obj
c:\projects\gp3-cwk\lab1\debug\vc143.pdb
c:\projects\gp3-cwk\lab1\debug\vc143.idb
c:\projects\gp3-cwk\lab1\debug\texturing.obj
c:\projects\gp3-cwk\lab1\debug\shading.obj
c:\projects\gp3-cwk\lab1\debug\screendisplay.obj
c:\projects\gp3-cwk\lab1\debug\obj_loader.obj
c:\projects\gp3-cwk\lab1\debug\mesh.obj
c:\projects\gp3-cwk\lab1\debug\main.obj
c:\projects\gp3-cwk\lab1\debug\game.obj
c:\projects\gp3-cwk\lab1\debug\audio.obj
c:\projects\gp3-cwk\lab1\debug\stb_image.obj
c:\projects\graphics-programming\debug\labs.exe
c:\projects\graphics-programming\lab1\debug\labs.ilk
c:\projects\graphics-programming\debug\labs.pdb
c:\projects\gp3-cwknew\lab1\debug\labs.ilk
c:\projects\gp3-cwknew\debug\labs.exe
c:\projects\gp3-cwknew\debug\labs.pdb
c:\projects\gp3-cwk\debug\labs.exe
c:\projects\gp3-cwk\lab1\debug\labs.ilk
c:\projects\gp3-cwk\debug\labs.pdb
c:\projects\gp3-cwk\lab1\debug\vc142.idb
c:\projects\gp3-cwk\lab1\debug\vc142.pdb
c:\projects\gp3-cwk\lab1\debug\labs.tlog\cl.command.1.tlog
c:\projects\gp3-cwk\lab1\debug\labs.tlog\cl.read.1.tlog
c:\projects\gp3-cwk\lab1\debug\labs.tlog\cl.write.1.tlog
c:\projects\gp3-cwk\lab1\debug\labs.tlog\link.command.1.tlog
c:\projects\gp3-cwk\lab1\debug\labs.tlog\link.read.1.tlog
c:\projects\gp3-cwk\lab1\debug\labs.tlog\link.write.1.tlog
